<?xml version="1.0" encoding="UTF-8"?>
<coverage generated="1525441907467" clover="3.2.0">
  <project timestamp="1525441907467" name="All files">
    <metrics statements="1" coveredstatements="1" conditionals="0" coveredconditionals="0" methods="1" coveredmethods="1" elements="2" coveredelements="2" complexity="0" loc="1" ncloc="1" packages="1" files="1" classes="1">
      <file name="App.jsx" path="C:\Users\guilherme.t0775\Documents\react-render-props\src\App.jsx">
        <metrics statements="1" coveredstatements="1" conditionals="0" coveredconditionals="0" methods="1" coveredmethods="1"/>
        <line num="5" count="1" type="stmt"/>
      </file>
    </metrics>
  </project>
</coverage>
