{"C:\\Users\\guilherme.t0775\\Documents\\react-render-props\\src\\App.jsx": {"path":"C:\\Users\\guilherme.t0775\\Documents\\react-render-props\\src\\App.jsx","statementMap":{"0":{"start":{"line":5,"column":8},"end":{"line":9,"column":10}}},"fnMap":{"0":{"name":"(anonymous_0)","decl":{"start":{"line":4,"column":4},"end":{"line":4,"column":5}},"loc":{"start":{"line":4,"column":13},"end":{"line":10,"column":5}},"line":4}},"branchMap":{},"s":{"0":1},"f":{"0":1},"b":{},"_coverageSchema":"332fd63041d2c1bcb487cc26dd0d5f7d97098a6c","hash":"eab261496463348ab4560692ed534a89c3145cda"}
}
